2023-11-01 18:54:24,112 [Test worker] INFO  o.s.b.t.c.SpringBootTestContextBootstrapper - Neither @ContextConfiguration nor @ContextHierarchy found for test class [lv.javaguru.travel.insurance.rest.TravelCalculatePremiumControllerTest], using SpringBootContextLoader
2023-11-01 18:54:24,122 [Test worker] INFO  o.s.t.c.s.AbstractContextLoader - Could not detect default resource locations for test class [lv.javaguru.travel.insurance.rest.TravelCalculatePremiumControllerTest]: no resource found for suffixes {-context.xml, Context.groovy}.
2023-11-01 18:54:24,122 [Test worker] INFO  o.s.t.c.s.AnnotationConfigContextLoaderUtils - Could not detect default configuration classes for test class [lv.javaguru.travel.insurance.rest.TravelCalculatePremiumControllerTest]: TravelCalculatePremiumControllerTest does not declare any static, non-private, non-final, nested classes annotated with @Configuration.
2023-11-01 18:54:24,320 [Test worker] INFO  o.s.b.t.c.SpringBootTestContextBootstrapper - Found @SpringBootConfiguration lv.javaguru.travel.insurance.InsuranceApplication for test class lv.javaguru.travel.insurance.rest.TravelCalculatePremiumControllerTest
2023-11-01 18:54:24,580 [Test worker] INFO  o.s.b.t.c.SpringBootTestContextBootstrapper - Loaded default TestExecutionListener class names from location [META-INF/spring.factories]: [org.springframework.boot.test.autoconfigure.restdocs.RestDocsTestExecutionListener, org.springframework.boot.test.autoconfigure.web.client.MockRestServiceServerResetTestExecutionListener, org.springframework.boot.test.autoconfigure.web.servlet.MockMvcPrintOnlyOnFailureTestExecutionListener, org.springframework.boot.test.autoconfigure.web.servlet.WebDriverTestExecutionListener, org.springframework.boot.test.autoconfigure.webservices.client.MockWebServiceServerTestExecutionListener, org.springframework.boot.test.mock.mockito.MockitoTestExecutionListener, org.springframework.boot.test.mock.mockito.ResetMocksTestExecutionListener, org.springframework.test.context.web.ServletTestExecutionListener, org.springframework.test.context.support.DirtiesContextBeforeModesTestExecutionListener, org.springframework.test.context.event.ApplicationEventsTestExecutionListener, org.springframework.test.context.support.DependencyInjectionTestExecutionListener, org.springframework.test.context.support.DirtiesContextTestExecutionListener, org.springframework.test.context.transaction.TransactionalTestExecutionListener, org.springframework.test.context.jdbc.SqlScriptsTestExecutionListener, org.springframework.test.context.event.EventPublishingTestExecutionListener]
2023-11-01 18:54:24,614 [Test worker] INFO  o.s.b.t.c.SpringBootTestContextBootstrapper - Using TestExecutionListeners: [org.springframework.test.context.web.ServletTestExecutionListener@59696551, org.springframework.test.context.support.DirtiesContextBeforeModesTestExecutionListener@648d0e6d, org.springframework.test.context.event.ApplicationEventsTestExecutionListener@79e66b2f, org.springframework.boot.test.mock.mockito.MockitoTestExecutionListener@17273273, org.springframework.boot.test.autoconfigure.SpringBootDependencyInjectionTestExecutionListener@5f69e2b, org.springframework.test.context.support.DirtiesContextTestExecutionListener@984169e, org.springframework.test.context.event.EventPublishingTestExecutionListener@43f1bb92, org.springframework.boot.test.autoconfigure.restdocs.RestDocsTestExecutionListener@6d6bbd35, org.springframework.boot.test.autoconfigure.web.client.MockRestServiceServerResetTestExecutionListener@5c5d6175, org.springframework.boot.test.autoconfigure.web.servlet.MockMvcPrintOnlyOnFailureTestExecutionListener@7544ac86, org.springframework.boot.test.autoconfigure.web.servlet.WebDriverTestExecutionListener@3b27b497, org.springframework.boot.test.autoconfigure.webservices.client.MockWebServiceServerTestExecutionListener@b1534d3, org.springframework.boot.test.mock.mockito.ResetMocksTestExecutionListener@3c74aa0d]
2023-11-01 18:54:25,316 [Test worker] INFO  l.j.t.i.r.TravelCalculatePremiumControllerTest - Starting TravelCalculatePremiumControllerTest using Java 18.0.2 on VSAVONINS with PID 32576 (started by admin in C:\javaguru\projects\java_2_tuesday_october_2023_online\teacher\travel_insurance_calculator\step_36)
2023-11-01 18:54:25,319 [Test worker] INFO  l.j.t.i.r.TravelCalculatePremiumControllerTest - No active profile set, falling back to 1 default profile: "default"
2023-11-01 18:54:28,638 [Test worker] INFO  o.s.b.t.m.w.SpringBootMockServletContext - Initializing Spring TestDispatcherServlet ''
2023-11-01 18:54:28,639 [Test worker] INFO  o.s.t.w.s.TestDispatcherServlet - Initializing Servlet ''
2023-11-01 18:54:28,640 [Test worker] INFO  o.s.t.w.s.TestDispatcherServlet - Completed initialization in 1 ms
2023-11-01 18:54:28,673 [Test worker] INFO  l.j.t.i.r.TravelCalculatePremiumControllerTest - Started TravelCalculatePremiumControllerTest in 3.98 seconds (JVM running for 9.372)
2023-11-01 18:54:29,014 [Test worker] INFO  l.j.t.i.r.TravelCalculatePremiumRequestLogger - REQUEST: {"personFirstName":null,"personLastName":null,"agreementDateFrom":null,"agreementDateTo":null}
2023-11-01 18:54:29,039 [Test worker] INFO  l.j.t.i.r.TravelCalculatePremiumResponseLogger - RESPONSE: {"errors":[{"field":"agreementDateFrom","message":"Must not be empty!"},{"field":"agreementDateTo","message":"Must not be empty!"},{"field":"personFirstName","message":"Must not be empty!"},{"field":"personLastName","message":"Must not be empty!"}],"personFirstName":null,"personLastName":null,"agreementDateFrom":null,"agreementDateTo":null,"agreementPrice":null}
2023-11-01 18:54:29,054 [Test worker] INFO  l.j.t.i.r.TravelCalculatePremiumRequestExecutionTimeLogger - Request processing time (ms): 62
2023-11-01 18:54:29,114 [Test worker] INFO  l.j.t.i.r.TravelCalculatePremiumRequestLogger - REQUEST: {"personFirstName":"Vasja","personLastName":"Pupkin","agreementDateFrom":"2025-05-20","agreementDateTo":"2025-05-10"}
2023-11-01 18:54:29,118 [Test worker] INFO  l.j.t.i.r.TravelCalculatePremiumResponseLogger - RESPONSE: {"errors":[{"field":"agreementDateFrom","message":"Must be less then agreementDateTo!"}],"personFirstName":null,"personLastName":null,"agreementDateFrom":null,"agreementDateTo":null,"agreementPrice":null}
2023-11-01 18:54:29,119 [Test worker] INFO  l.j.t.i.r.TravelCalculatePremiumRequestExecutionTimeLogger - Request processing time (ms): 9
2023-11-01 18:54:29,135 [Test worker] INFO  l.j.t.i.r.TravelCalculatePremiumRequestLogger - REQUEST: {"personFirstName":"Vasja","personLastName":"Pupkin","agreementDateFrom":"2025-05-29","agreementDateTo":null}
2023-11-01 18:54:29,138 [Test worker] INFO  l.j.t.i.r.TravelCalculatePremiumResponseLogger - RESPONSE: {"errors":[{"field":"agreementDateTo","message":"Must not be empty!"}],"personFirstName":null,"personLastName":null,"agreementDateFrom":null,"agreementDateTo":null,"agreementPrice":null}
2023-11-01 18:54:29,139 [Test worker] INFO  l.j.t.i.r.TravelCalculatePremiumRequestExecutionTimeLogger - Request processing time (ms): 5
2023-11-01 18:54:29,151 [Test worker] INFO  l.j.t.i.r.TravelCalculatePremiumRequestLogger - REQUEST: {"personFirstName":"Vasja","personLastName":"Pupkin","agreementDateFrom":"2025-05-25","agreementDateTo":"2025-05-29"}
2023-11-01 18:54:29,172 [Test worker] INFO  l.j.t.i.r.TravelCalculatePremiumResponseLogger - RESPONSE: {"errors":null,"personFirstName":"Vasja","personLastName":"Pupkin","agreementDateFrom":"2025-05-25","agreementDateTo":"2025-05-29","agreementPrice":4}
2023-11-01 18:54:29,173 [Test worker] INFO  l.j.t.i.r.TravelCalculatePremiumRequestExecutionTimeLogger - Request processing time (ms): 24
2023-11-01 18:54:29,194 [Test worker] INFO  l.j.t.i.r.TravelCalculatePremiumRequestLogger - REQUEST: {"personFirstName":null,"personLastName":"Pupkin","agreementDateFrom":"2025-05-25","agreementDateTo":"2025-05-29"}
2023-11-01 18:54:29,197 [Test worker] INFO  l.j.t.i.r.TravelCalculatePremiumResponseLogger - RESPONSE: {"errors":[{"field":"personFirstName","message":"Must not be empty!"}],"personFirstName":null,"personLastName":null,"agreementDateFrom":null,"agreementDateTo":null,"agreementPrice":null}
2023-11-01 18:54:29,198 [Test worker] INFO  l.j.t.i.r.TravelCalculatePremiumRequestExecutionTimeLogger - Request processing time (ms): 6
2023-11-01 18:54:29,213 [Test worker] INFO  l.j.t.i.r.TravelCalculatePremiumRequestLogger - REQUEST: {"personFirstName":"Vasja","personLastName":null,"agreementDateFrom":"2025-05-25","agreementDateTo":"2025-05-29"}
2023-11-01 18:54:29,216 [Test worker] INFO  l.j.t.i.r.TravelCalculatePremiumResponseLogger - RESPONSE: {"errors":[{"field":"personLastName","message":"Must not be empty!"}],"personFirstName":null,"personLastName":null,"agreementDateFrom":null,"agreementDateTo":null,"agreementPrice":null}
2023-11-01 18:54:29,216 [Test worker] INFO  l.j.t.i.r.TravelCalculatePremiumRequestExecutionTimeLogger - Request processing time (ms): 5
2023-11-01 18:54:29,231 [Test worker] INFO  l.j.t.i.r.TravelCalculatePremiumRequestLogger - REQUEST: {"personFirstName":"Vasja","personLastName":"Pupkin","agreementDateFrom":null,"agreementDateTo":"2025-05-29"}
2023-11-01 18:54:29,233 [Test worker] INFO  l.j.t.i.r.TravelCalculatePremiumResponseLogger - RESPONSE: {"errors":[{"field":"agreementDateFrom","message":"Must not be empty!"}],"personFirstName":null,"personLastName":null,"agreementDateFrom":null,"agreementDateTo":null,"agreementPrice":null}
2023-11-01 18:54:29,234 [Test worker] INFO  l.j.t.i.r.TravelCalculatePremiumRequestExecutionTimeLogger - Request processing time (ms): 4
