2023-11-01 18:54:31,348 [Test worker] INFO  o.s.b.t.c.SpringBootTestContextBootstrapper - Neither @ContextConfiguration nor @ContextHierarchy found for test class [lv.javaguru.travel.insurance.rest.TravelCalculatePremiumControllerTest], using SpringBootContextLoader
2023-11-01 18:54:31,361 [Test worker] INFO  o.s.t.c.s.AbstractContextLoader - Could not detect default resource locations for test class [lv.javaguru.travel.insurance.rest.TravelCalculatePremiumControllerTest]: no resource found for suffixes {-context.xml, Context.groovy}.
2023-11-01 18:54:31,363 [Test worker] INFO  o.s.t.c.s.AnnotationConfigContextLoaderUtils - Could not detect default configuration classes for test class [lv.javaguru.travel.insurance.rest.TravelCalculatePremiumControllerTest]: TravelCalculatePremiumControllerTest does not declare any static, non-private, non-final, nested classes annotated with @Configuration.
2023-11-01 18:54:31,578 [Test worker] INFO  o.s.b.t.c.SpringBootTestContextBootstrapper - Found @SpringBootConfiguration lv.javaguru.travel.insurance.InsuranceApplication for test class lv.javaguru.travel.insurance.rest.TravelCalculatePremiumControllerTest
2023-11-01 18:54:31,774 [Test worker] INFO  o.s.b.t.c.SpringBootTestContextBootstrapper - Loaded default TestExecutionListener class names from location [META-INF/spring.factories]: [org.springframework.boot.test.autoconfigure.restdocs.RestDocsTestExecutionListener, org.springframework.boot.test.autoconfigure.web.client.MockRestServiceServerResetTestExecutionListener, org.springframework.boot.test.autoconfigure.web.servlet.MockMvcPrintOnlyOnFailureTestExecutionListener, org.springframework.boot.test.autoconfigure.web.servlet.WebDriverTestExecutionListener, org.springframework.boot.test.autoconfigure.webservices.client.MockWebServiceServerTestExecutionListener, org.springframework.boot.test.mock.mockito.MockitoTestExecutionListener, org.springframework.boot.test.mock.mockito.ResetMocksTestExecutionListener, org.springframework.test.context.web.ServletTestExecutionListener, org.springframework.test.context.support.DirtiesContextBeforeModesTestExecutionListener, org.springframework.test.context.event.ApplicationEventsTestExecutionListener, org.springframework.test.context.support.DependencyInjectionTestExecutionListener, org.springframework.test.context.support.DirtiesContextTestExecutionListener, org.springframework.test.context.transaction.TransactionalTestExecutionListener, org.springframework.test.context.jdbc.SqlScriptsTestExecutionListener, org.springframework.test.context.event.EventPublishingTestExecutionListener]
2023-11-01 18:54:31,819 [Test worker] INFO  o.s.b.t.c.SpringBootTestContextBootstrapper - Using TestExecutionListeners: [org.springframework.test.context.web.ServletTestExecutionListener@7e446d92, org.springframework.test.context.support.DirtiesContextBeforeModesTestExecutionListener@57f9b467, org.springframework.test.context.event.ApplicationEventsTestExecutionListener@6d5c2745, org.springframework.boot.test.mock.mockito.MockitoTestExecutionListener@44b29496, org.springframework.boot.test.autoconfigure.SpringBootDependencyInjectionTestExecutionListener@1947596f, org.springframework.test.context.support.DirtiesContextTestExecutionListener@3078cac, org.springframework.test.context.event.EventPublishingTestExecutionListener@f6de586, org.springframework.boot.test.autoconfigure.restdocs.RestDocsTestExecutionListener@5f2bd6d9, org.springframework.boot.test.autoconfigure.web.client.MockRestServiceServerResetTestExecutionListener@7c847072, org.springframework.boot.test.autoconfigure.web.servlet.MockMvcPrintOnlyOnFailureTestExecutionListener@43d9f1a2, org.springframework.boot.test.autoconfigure.web.servlet.WebDriverTestExecutionListener@23f86d8a, org.springframework.boot.test.autoconfigure.webservices.client.MockWebServiceServerTestExecutionListener@2264ea32, org.springframework.boot.test.mock.mockito.ResetMocksTestExecutionListener@7d3c09ec]
2023-11-01 18:54:32,305 [Test worker] INFO  l.j.t.i.r.TravelCalculatePremiumControllerTest - Starting TravelCalculatePremiumControllerTest using Java 18.0.2 on VSAVONINS with PID 29840 (started by admin in C:\javaguru\projects\java_2_tuesday_october_2023_online\teacher\travel_insurance_calculator\step_39)
2023-11-01 18:54:32,307 [Test worker] INFO  l.j.t.i.r.TravelCalculatePremiumControllerTest - No active profile set, falling back to 1 default profile: "default"
2023-11-01 18:54:34,147 [Test worker] INFO  o.s.b.t.m.w.SpringBootMockServletContext - Initializing Spring TestDispatcherServlet ''
2023-11-01 18:54:34,148 [Test worker] INFO  o.s.t.w.s.TestDispatcherServlet - Initializing Servlet ''
2023-11-01 18:54:34,149 [Test worker] INFO  o.s.t.w.s.TestDispatcherServlet - Completed initialization in 1 ms
2023-11-01 18:54:34,169 [Test worker] INFO  l.j.t.i.r.TravelCalculatePremiumControllerTest - Started TravelCalculatePremiumControllerTest in 2.246 seconds (JVM running for 6.949)
2023-11-01 18:54:34,328 [Test worker] INFO  l.j.t.i.r.TravelCalculatePremiumRequestLogger - REQUEST: {"personFirstName":null,"personLastName":null,"agreementDateFrom":null,"agreementDateTo":null,"selectedRisks":null}
2023-11-01 18:54:34,335 [Test worker] INFO  l.j.t.i.r.TravelCalculatePremiumResponseLogger - RESPONSE: {"errors":[{"field":"agreementDateFrom","message":"Must not be empty!"},{"field":"agreementDateTo","message":"Must not be empty!"},{"field":"selectedRisks","message":"Must not be empty!"},{"field":"personFirstName","message":"Must not be empty!"},{"field":"personLastName","message":"Must not be empty!"}],"personFirstName":null,"personLastName":null,"agreementDateFrom":null,"agreementDateTo":null,"agreementPrice":null}
2023-11-01 18:54:34,338 [Test worker] INFO  l.j.t.i.r.TravelCalculatePremiumRequestExecutionTimeLogger - Request processing time (ms): 20
2023-11-01 18:54:34,426 [Test worker] INFO  l.j.t.i.r.TravelCalculatePremiumRequestLogger - REQUEST: {"personFirstName":"Vasja","personLastName":"Pupkin","agreementDateFrom":"2025-05-20","agreementDateTo":"2025-05-29","selectedRisks":[]}
2023-11-01 18:54:34,429 [Test worker] INFO  l.j.t.i.r.TravelCalculatePremiumResponseLogger - RESPONSE: {"errors":[{"field":"selectedRisks","message":"Must not be empty!"}],"personFirstName":null,"personLastName":null,"agreementDateFrom":null,"agreementDateTo":null,"agreementPrice":null}
2023-11-01 18:54:34,429 [Test worker] INFO  l.j.t.i.r.TravelCalculatePremiumRequestExecutionTimeLogger - Request processing time (ms): 8
2023-11-01 18:54:34,442 [Test worker] INFO  l.j.t.i.r.TravelCalculatePremiumRequestLogger - REQUEST: {"personFirstName":"Vasja","personLastName":"Pupkin","agreementDateFrom":"2025-05-20","agreementDateTo":"2025-05-10","selectedRisks":["TRAVEL_MEDICAL","TRAVEL_CANCELLATION","TRAVEL_LOSS_BAGGAGE"]}
2023-11-01 18:54:34,444 [Test worker] INFO  l.j.t.i.r.TravelCalculatePremiumResponseLogger - RESPONSE: {"errors":[{"field":"agreementDateFrom","message":"Must be less then agreementDateTo!"}],"personFirstName":null,"personLastName":null,"agreementDateFrom":null,"agreementDateTo":null,"agreementPrice":null}
2023-11-01 18:54:34,444 [Test worker] INFO  l.j.t.i.r.TravelCalculatePremiumRequestExecutionTimeLogger - Request processing time (ms): 5
2023-11-01 18:54:34,457 [Test worker] INFO  l.j.t.i.r.TravelCalculatePremiumRequestLogger - REQUEST: {"personFirstName":"Vasja","personLastName":"Pupkin","agreementDateFrom":"2025-05-29","agreementDateTo":null,"selectedRisks":["TRAVEL_MEDICAL","TRAVEL_CANCELLATION","TRAVEL_LOSS_BAGGAGE"]}
2023-11-01 18:54:34,459 [Test worker] INFO  l.j.t.i.r.TravelCalculatePremiumResponseLogger - RESPONSE: {"errors":[{"field":"agreementDateTo","message":"Must not be empty!"}],"personFirstName":null,"personLastName":null,"agreementDateFrom":null,"agreementDateTo":null,"agreementPrice":null}
2023-11-01 18:54:34,460 [Test worker] INFO  l.j.t.i.r.TravelCalculatePremiumRequestExecutionTimeLogger - Request processing time (ms): 3
2023-11-01 18:54:34,469 [Test worker] INFO  l.j.t.i.r.TravelCalculatePremiumRequestLogger - REQUEST: {"personFirstName":"Vasja","personLastName":"Pupkin","agreementDateFrom":"2025-05-25","agreementDateTo":"2025-05-29","selectedRisks":["TRAVEL_MEDICAL","TRAVEL_CANCELLATION","TRAVEL_LOSS_BAGGAGE"]}
2023-11-01 18:54:34,474 [Test worker] INFO  l.j.t.i.r.TravelCalculatePremiumResponseLogger - RESPONSE: {"errors":null,"personFirstName":"Vasja","personLastName":"Pupkin","agreementDateFrom":"2025-05-25","agreementDateTo":"2025-05-29","agreementPrice":4}
2023-11-01 18:54:34,474 [Test worker] INFO  l.j.t.i.r.TravelCalculatePremiumRequestExecutionTimeLogger - Request processing time (ms): 6
2023-11-01 18:54:34,486 [Test worker] INFO  l.j.t.i.r.TravelCalculatePremiumRequestLogger - REQUEST: {"personFirstName":"Vasja","personLastName":"Pupkin","agreementDateFrom":"2025-05-20","agreementDateTo":"2025-05-29","selectedRisks":null}
2023-11-01 18:54:34,488 [Test worker] INFO  l.j.t.i.r.TravelCalculatePremiumResponseLogger - RESPONSE: {"errors":[{"field":"selectedRisks","message":"Must not be empty!"}],"personFirstName":null,"personLastName":null,"agreementDateFrom":null,"agreementDateTo":null,"agreementPrice":null}
2023-11-01 18:54:34,488 [Test worker] INFO  l.j.t.i.r.TravelCalculatePremiumRequestExecutionTimeLogger - Request processing time (ms): 3
2023-11-01 18:54:34,497 [Test worker] INFO  l.j.t.i.r.TravelCalculatePremiumRequestLogger - REQUEST: {"personFirstName":null,"personLastName":"Pupkin","agreementDateFrom":"2025-05-25","agreementDateTo":"2025-05-29","selectedRisks":["TRAVEL_MEDICAL","TRAVEL_CANCELLATION","TRAVEL_LOSS_BAGGAGE"]}
2023-11-01 18:54:34,499 [Test worker] INFO  l.j.t.i.r.TravelCalculatePremiumResponseLogger - RESPONSE: {"errors":[{"field":"personFirstName","message":"Must not be empty!"}],"personFirstName":null,"personLastName":null,"agreementDateFrom":null,"agreementDateTo":null,"agreementPrice":null}
2023-11-01 18:54:34,500 [Test worker] INFO  l.j.t.i.r.TravelCalculatePremiumRequestExecutionTimeLogger - Request processing time (ms): 3
2023-11-01 18:54:34,509 [Test worker] INFO  l.j.t.i.r.TravelCalculatePremiumRequestLogger - REQUEST: {"personFirstName":"Vasja","personLastName":null,"agreementDateFrom":"2025-05-25","agreementDateTo":"2025-05-29","selectedRisks":["TRAVEL_MEDICAL","TRAVEL_CANCELLATION","TRAVEL_LOSS_BAGGAGE"]}
2023-11-01 18:54:34,511 [Test worker] INFO  l.j.t.i.r.TravelCalculatePremiumResponseLogger - RESPONSE: {"errors":[{"field":"personLastName","message":"Must not be empty!"}],"personFirstName":null,"personLastName":null,"agreementDateFrom":null,"agreementDateTo":null,"agreementPrice":null}
2023-11-01 18:54:34,512 [Test worker] INFO  l.j.t.i.r.TravelCalculatePremiumRequestExecutionTimeLogger - Request processing time (ms): 3
2023-11-01 18:54:34,519 [Test worker] INFO  l.j.t.i.r.TravelCalculatePremiumRequestLogger - REQUEST: {"personFirstName":"Vasja","personLastName":"Pupkin","agreementDateFrom":null,"agreementDateTo":"2025-05-29","selectedRisks":["TRAVEL_MEDICAL","TRAVEL_CANCELLATION","TRAVEL_LOSS_BAGGAGE"]}
2023-11-01 18:54:34,521 [Test worker] INFO  l.j.t.i.r.TravelCalculatePremiumResponseLogger - RESPONSE: {"errors":[{"field":"agreementDateFrom","message":"Must not be empty!"}],"personFirstName":null,"personLastName":null,"agreementDateFrom":null,"agreementDateTo":null,"agreementPrice":null}
2023-11-01 18:54:34,521 [Test worker] INFO  l.j.t.i.r.TravelCalculatePremiumRequestExecutionTimeLogger - Request processing time (ms): 3
